# JRE version: Java(TM) SE Runtime Environment (8.0_131-b11) (build 1.8.0_131-b11)
# Java VM: Java HotSpot(TM) 64-Bit Server VM (25.131-b11 mixed mode bsd-amd64 compressed oops)
Heap:
 PSYoungGen      total 219648K, used 31780K [0x00000007b0000000, 0x00000007c0000000, 0x00000007c0000000)
  eden space 175104K, 7% used [0x00000007b0000000,0x00000007b0cf52b0,0x00000007bab00000)
  from space 44544K, 41% used [0x00000007bd480000,0x00000007be693f00,0x00000007c0000000)
  to   space 42496K, 0% used [0x00000007bab00000,0x00000007bab00000,0x00000007bd480000)
 ParOldGen       total 524288K, used 153470K [0x0000000790000000, 0x00000007b0000000, 0x00000007b0000000)
  object space 524288K, 29% used [0x0000000790000000,0x00000007995dfa50,0x00000007b0000000)
 Metaspace       used 83886K, capacity 89173K, committed 89368K, reserved 1126400K
  class space    used 10912K, capacity 12559K, committed 12592K, reserved 1048576K
GC Heap History (10 events):
Event: 1521.243 GC heap before
{Heap before GC invocations=55 (full 3):
 PSYoungGen      total 208384K, used 169969K [0x00000007b0000000, 0x00000007c0000000, 0x00000007c0000000)
  eden space 155648K, 100% used [0x00000007b0000000,0x00000007b9800000,0x00000007b9800000)
  from space 52736K, 27% used [0x00000007b9800000,0x00000007ba5fc778,0x00000007bcb80000)
  to   space 51712K, 0% used [0x00000007bcd80000,0x00000007bcd80000,0x00000007c0000000)
 ParOldGen       total 524288K, used 151959K [0x0000000790000000, 0x00000007b0000000, 0x00000007b0000000)
  object space 524288K, 28% used [0x0000000790000000,0x0000000799465d38,0x00000007b0000000)
 Metaspace       used 82981K, capacity 88193K, committed 88472K, reserved 1126400K
  class space    used 10787K, capacity 12399K, committed 12464K, reserved 1048576K
Event: 1521.343 GC heap after
Heap after GC invocations=55 (full 3):
 PSYoungGen      total 211456K, used 12005K [0x00000007b0000000, 0x00000007c0000000, 0x00000007c0000000)
  eden space 159744K, 0% used [0x00000007b0000000,0x00000007b0000000,0x00000007b9c00000)
  from space 51712K, 23% used [0x00000007bcd80000,0x00000007bd939758,0x00000007c0000000)
  to   space 50688K, 0% used [0x00000007b9c00000,0x00000007b9c00000,0x00000007bcd80000)
 ParOldGen       total 524288K, used 152223K [0x0000000790000000, 0x00000007b0000000, 0x00000007b0000000)
  object space 524288K, 29% used [0x0000000790000000,0x00000007994a7d38,0x00000007b0000000)
 Metaspace       used 82981K, capacity 88193K, committed 88472K, reserved 1126400K
  class space    used 10787K, capacity 12399K, committed 12464K, reserved 1048576K
}
Event: 1529.078 GC heap before
{Heap before GC invocations=56 (full 3):
 PSYoungGen      total 211456K, used 171528K [0x00000007b0000000, 0x00000007c0000000, 0x00000007c0000000)
  eden space 159744K, 99% used [0x00000007b0000000,0x00000007b9bc8a48,0x00000007b9c00000)
  from space 51712K, 23% used [0x00000007bcd80000,0x00000007bd939758,0x00000007c0000000)
  to   space 50688K, 0% used [0x00000007b9c00000,0x00000007b9c00000,0x00000007bcd80000)
 ParOldGen       total 524288K, used 152223K [0x0000000790000000, 0x00000007b0000000, 0x00000007b0000000)
  object space 524288K, 29% used [0x0000000790000000,0x00000007994a7d38,0x00000007b0000000)
 Metaspace       used 83271K, capacity 88511K, committed 88728K, reserved 1126400K
  class space    used 10822K, capacity 12440K, committed 12464K, reserved 1048576K
Event: 1529.112 GC heap after
Heap after GC invocations=56 (full 3):
 PSYoungGen      total 210432K, used 14272K [0x00000007b0000000, 0x00000007c0000000, 0x00000007c0000000)
  eden space 159744K, 0% used [0x00000007b0000000,0x00000007b0000000,0x00000007b9c00000)
  from space 50688K, 28% used [0x00000007b9c00000,0x00000007ba9f01e0,0x00000007bcd80000)
  to   space 49152K, 0% used [0x00000007bd000000,0x00000007bd000000,0x00000007c0000000)
 ParOldGen       total 524288K, used 152295K [0x0000000790000000, 0x00000007b0000000, 0x00000007b0000000)
  object space 524288K, 29% used [0x0000000790000000,0x00000007994b9d38,0x00000007b0000000)
 Metaspace       used 83271K, capacity 88511K, committed 88728K, reserved 1126400K
  class space    used 10822K, capacity 12440K, committed 12464K, reserved 1048576K
}
Event: 3907.460 GC heap before
{Heap before GC invocations=57 (full 3):
 PSYoungGen      total 210432K, used 174016K [0x00000007b0000000, 0x00000007c0000000, 0x00000007c0000000)
  eden space 159744K, 100% used [0x00000007b0000000,0x00000007b9c00000,0x00000007b9c00000)
  from space 50688K, 28% used [0x00000007b9c00000,0x00000007ba9f01e0,0x00000007bcd80000)
  to   space 49152K, 0% used [0x00000007bd000000,0x00000007bd000000,0x00000007c0000000)
 ParOldGen       total 524288K, used 152295K [0x0000000790000000, 0x00000007b0000000, 0x00000007b0000000)
  object space 524288K, 29% used [0x0000000790000000,0x00000007994b9d38,0x00000007b0000000)
 Metaspace       used 83634K, capacity 88853K, committed 89112K, reserved 1126400K
  class space    used 10860K, capacity 12481K, committed 12592K, reserved 1048576K
Event: 3907.670 GC heap after
Heap after GC invocations=57 (full 3):
 PSYoungGen      total 215552K, used 19569K [0x00000007b0000000, 0x00000007c0000000, 0x00000007c0000000)
  eden space 166400K, 0% used [0x00000007b0000000,0x00000007b0000000,0x00000007ba280000)
  from space 49152K, 39% used [0x00000007bd000000,0x00000007be31c7f0,0x00000007c0000000)
  to   space 46592K, 0% used [0x00000007ba280000,0x00000007ba280000,0x00000007bd000000)
 ParOldGen       total 524288K, used 152367K [0x0000000790000000, 0x00000007b0000000, 0x00000007b0000000)
  object space 524288K, 29% used [0x0000000790000000,0x00000007994cbd38,0x00000007b0000000)
 Metaspace       used 83634K, capacity 88853K, committed 89112K, reserved 1126400K
  class space    used 10860K, capacity 12481K, committed 12592K, reserved 1048576K
}
Event: 4773.630 GC heap before
{Heap before GC invocations=58 (full 3):
 PSYoungGen      total 215552K, used 184055K [0x00000007b0000000, 0x00000007c0000000, 0x00000007c0000000)
  eden space 166400K, 98% used [0x00000007b0000000,0x00000007ba0a1800,0x00000007ba280000)
  from space 49152K, 39% used [0x00000007bd000000,0x00000007be31c7f0,0x00000007c0000000)
  to   space 46592K, 0% used [0x00000007ba280000,0x00000007ba280000,0x00000007bd000000)
 ParOldGen       total 524288K, used 152367K [0x0000000790000000, 0x00000007b0000000, 0x00000007b0000000)
  object space 524288K, 29% used [0x0000000790000000,0x00000007994cbd38,0x00000007b0000000)
 Metaspace       used 83672K, capacity 88893K, committed 89112K, reserved 1126400K
  class space    used 10864K, capacity 12487K, committed 12592K, reserved 1048576K
Event: 4773.787 GC heap after
Heap after GC invocations=58 (full 3):
 PSYoungGen      total 212992K, used 18032K [0x00000007b0000000, 0x00000007c0000000, 0x00000007c0000000)
  eden space 166400K, 0% used [0x00000007b0000000,0x00000007b0000000,0x00000007ba280000)
  from space 46592K, 38% used [0x00000007ba280000,0x00000007bb41c198,0x00000007bd000000)
  to   space 44544K, 0% used [0x00000007bd480000,0x00000007bd480000,0x00000007c0000000)
 ParOldGen       total 524288K, used 152775K [0x0000000790000000, 0x00000007b0000000, 0x00000007b0000000)
  object space 524288K, 29% used [0x0000000790000000,0x0000000799531d48,0x00000007b0000000)
 Metaspace       used 83672K, capacity 88893K, committed 89112K, reserved 1126400K
  class space    used 10864K, capacity 12487K, committed 12592K, reserved 1048576K
}
Event: 4779.917 GC heap before
{Heap before GC invocations=59 (full 3):
 PSYoungGen      total 212992K, used 184364K [0x00000007b0000000, 0x00000007c0000000, 0x00000007c0000000)
  eden space 166400K, 99% used [0x00000007b0000000,0x00000007ba26f1d8,0x00000007ba280000)
  from space 46592K, 38% used [0x00000007ba280000,0x00000007bb41c198,0x00000007bd000000)
  to   space 44544K, 0% used [0x00000007bd480000,0x00000007bd480000,0x00000007c0000000)
 ParOldGen       total 524288K, used 152775K [0x0000000790000000, 0x00000007b0000000, 0x00000007b0000000)
  object space 524288K, 29% used [0x0000000790000000,0x0000000799531d48,0x00000007b0000000)
 Metaspace       used 83870K, capacity 89109K, committed 89368K, reserved 1126400K
  class space    used 10912K, capacity 12559K, committed 12592K, reserved 1048576K
Event: 4779.943 GC heap after
Heap after GC invocations=59 (full 3):
 PSYoungGen      total 219648K, used 18511K [0x00000007b0000000, 0x00000007c0000000, 0x00000007c0000000)
  eden space 175104K, 0% used [0x00000007b0000000,0x00000007b0000000,0x00000007bab00000)
  from space 44544K, 41% used [0x00000007bd480000,0x00000007be693f00,0x00000007c0000000)
  to   space 42496K, 0% used [0x00000007bab00000,0x00000007bab00000,0x00000007bd480000)
 ParOldGen       total 524288K, used 153470K [0x0000000790000000, 0x00000007b0000000, 0x00000007b0000000)
  object space 524288K, 29% used [0x0000000790000000,0x00000007995dfa50,0x00000007b0000000)
 Metaspace       used 83870K, capacity 89109K, committed 89368K, reserved 1126400K
  class space    used 10912K, capacity 12559K, committed 12592K, reserved 1048576K
}

