# JRE version: Java(TM) SE Runtime Environment (8.0_131-b11) (build 1.8.0_131-b11)
# Java VM: Java HotSpot(TM) 64-Bit Server VM (25.131-b11 mixed mode bsd-amd64 compressed oops)
Heap:
 PSYoungGen      total 209408K, used 117906K [0x00000007b0000000, 0x00000007c0000000, 0x00000007c0000000)
  eden space 158208K, 58% used [0x00000007b0000000,0x00000007b5a787f0,0x00000007b9a80000)
  from space 51200K, 49% used [0x00000007b9a80000,0x00000007bb32c2b0,0x00000007bcc80000)
  to   space 49664K, 0% used [0x00000007bcf80000,0x00000007bcf80000,0x00000007c0000000)
 ParOldGen       total 524288K, used 138357K [0x0000000790000000, 0x00000007b0000000, 0x00000007b0000000)
  object space 524288K, 26% used [0x0000000790000000,0x000000079871d6c8,0x00000007b0000000)
 Metaspace       used 82948K, capacity 88332K, committed 88472K, reserved 1124352K
  class space    used 10916K, capacity 12654K, committed 12720K, reserved 1048576K
GC Heap History (10 events):
Event: 502.047 GC heap before
{Heap before GC invocations=48 (full 3):
 PSYoungGen      total 203776K, used 164261K [0x00000007b0000000, 0x00000007c0000000, 0x00000007c0000000)
  eden space 144896K, 99% used [0x00000007b0000000,0x00000007b8d7ff98,0x00000007b8d80000)
  from space 58880K, 32% used [0x00000007bc680000,0x00000007bd9694c8,0x00000007c0000000)
  to   space 58368K, 0% used [0x00000007b8d80000,0x00000007b8d80000,0x00000007bc680000)
 ParOldGen       total 524288K, used 132941K [0x0000000790000000, 0x00000007b0000000, 0x00000007b0000000)
  object space 524288K, 25% used [0x0000000790000000,0x00000007981d3588,0x00000007b0000000)
 Metaspace       used 81540K, capacity 86520K, committed 86808K, reserved 1124352K
  class space    used 10667K, capacity 12271K, committed 12336K, reserved 1048576K
Event: 502.264 GC heap after
Heap after GC invocations=48 (full 3):
 PSYoungGen      total 203264K, used 27484K [0x00000007b0000000, 0x00000007c0000000, 0x00000007c0000000)
  eden space 144896K, 0% used [0x00000007b0000000,0x00000007b0000000,0x00000007b8d80000)
  from space 58368K, 47% used [0x00000007b8d80000,0x00000007ba857388,0x00000007bc680000)
  to   space 56320K, 0% used [0x00000007bc900000,0x00000007bc900000,0x00000007c0000000)
 ParOldGen       total 524288K, used 134304K [0x0000000790000000, 0x00000007b0000000, 0x00000007b0000000)
  object space 524288K, 25% used [0x0000000790000000,0x0000000798328120,0x00000007b0000000)
 Metaspace       used 81540K, capacity 86520K, committed 86808K, reserved 1124352K
  class space    used 10667K, capacity 12271K, committed 12336K, reserved 1048576K
}
Event: 529.448 GC heap before
{Heap before GC invocations=49 (full 3):
 PSYoungGen      total 203264K, used 172380K [0x00000007b0000000, 0x00000007c0000000, 0x00000007c0000000)
  eden space 144896K, 100% used [0x00000007b0000000,0x00000007b8d80000,0x00000007b8d80000)
  from space 58368K, 47% used [0x00000007b8d80000,0x00000007ba857388,0x00000007bc680000)
  to   space 56320K, 0% used [0x00000007bc900000,0x00000007bc900000,0x00000007c0000000)
 ParOldGen       total 524288K, used 134304K [0x0000000790000000, 0x00000007b0000000, 0x00000007b0000000)
  object space 524288K, 25% used [0x0000000790000000,0x0000000798328120,0x00000007b0000000)
 Metaspace       used 81956K, capacity 87052K, committed 87192K, reserved 1124352K
  class space    used 10706K, capacity 12350K, committed 12464K, reserved 1048576K
Event: 529.670 GC heap after
Heap after GC invocations=49 (full 3):
 PSYoungGen      total 207360K, used 26226K [0x00000007b0000000, 0x00000007c0000000, 0x00000007c0000000)
  eden space 151040K, 0% used [0x00000007b0000000,0x00000007b0000000,0x00000007b9380000)
  from space 56320K, 46% used [0x00000007bc900000,0x00000007be29cb50,0x00000007c0000000)
  to   space 54784K, 0% used [0x00000007b9380000,0x00000007b9380000,0x00000007bc900000)
 ParOldGen       total 524288K, used 136031K [0x0000000790000000, 0x00000007b0000000, 0x00000007b0000000)
  object space 524288K, 25% used [0x0000000790000000,0x00000007984d7e10,0x00000007b0000000)
 Metaspace       used 81956K, capacity 87052K, committed 87192K, reserved 1124352K
  class space    used 10706K, capacity 12350K, committed 12464K, reserved 1048576K
}
Event: 561.476 GC heap before
{Heap before GC invocations=50 (full 3):
 PSYoungGen      total 207360K, used 177266K [0x00000007b0000000, 0x00000007c0000000, 0x00000007c0000000)
  eden space 151040K, 100% used [0x00000007b0000000,0x00000007b9380000,0x00000007b9380000)
  from space 56320K, 46% used [0x00000007bc900000,0x00000007be29cb50,0x00000007c0000000)
  to   space 54784K, 0% used [0x00000007b9380000,0x00000007b9380000,0x00000007bc900000)
 ParOldGen       total 524288K, used 136031K [0x0000000790000000, 0x00000007b0000000, 0x00000007b0000000)
  object space 524288K, 25% used [0x0000000790000000,0x00000007984d7e10,0x00000007b0000000)
 Metaspace       used 82337K, capacity 87528K, committed 87704K, reserved 1124352K
  class space    used 10779K, capacity 12464K, committed 12464K, reserved 1048576K
Event: 561.709 GC heap after
Heap after GC invocations=50 (full 3):
 PSYoungGen      total 205824K, used 26322K [0x00000007b0000000, 0x00000007c0000000, 0x00000007c0000000)
  eden space 151040K, 0% used [0x00000007b0000000,0x00000007b0000000,0x00000007b9380000)
  from space 54784K, 48% used [0x00000007b9380000,0x00000007bad34b50,0x00000007bc900000)
  to   space 52736K, 0% used [0x00000007bcc80000,0x00000007bcc80000,0x00000007c0000000)
 ParOldGen       total 524288K, used 136605K [0x0000000790000000, 0x00000007b0000000, 0x00000007b0000000)
  object space 524288K, 26% used [0x0000000790000000,0x00000007985675e8,0x00000007b0000000)
 Metaspace       used 82337K, capacity 87528K, committed 87704K, reserved 1124352K
  class space    used 10779K, capacity 12464K, committed 12464K, reserved 1048576K
}
Event: 655.724 GC heap before
{Heap before GC invocations=51 (full 3):
 PSYoungGen      total 205824K, used 177362K [0x00000007b0000000, 0x00000007c0000000, 0x00000007c0000000)
  eden space 151040K, 100% used [0x00000007b0000000,0x00000007b9380000,0x00000007b9380000)
  from space 54784K, 48% used [0x00000007b9380000,0x00000007bad34b50,0x00000007bc900000)
  to   space 52736K, 0% used [0x00000007bcc80000,0x00000007bcc80000,0x00000007c0000000)
 ParOldGen       total 524288K, used 136605K [0x0000000790000000, 0x00000007b0000000, 0x00000007b0000000)
  object space 524288K, 26% used [0x0000000790000000,0x00000007985675e8,0x00000007b0000000)
 Metaspace       used 82675K, capacity 87952K, committed 88088K, reserved 1124352K
  class space    used 10861K, capacity 12576K, committed 12592K, reserved 1048576K
Event: 655.954 GC heap after
Heap after GC invocations=51 (full 3):
 PSYoungGen      total 210944K, used 25728K [0x00000007b0000000, 0x00000007c0000000, 0x00000007c0000000)
  eden space 158208K, 0% used [0x00000007b0000000,0x00000007b0000000,0x00000007b9a80000)
  from space 52736K, 48% used [0x00000007bcc80000,0x00000007be5a02c0,0x00000007c0000000)
  to   space 51200K, 0% used [0x00000007b9a80000,0x00000007b9a80000,0x00000007bcc80000)
 ParOldGen       total 524288K, used 137040K [0x0000000790000000, 0x00000007b0000000, 0x00000007b0000000)
  object space 524288K, 26% used [0x0000000790000000,0x00000007985d4170,0x00000007b0000000)
 Metaspace       used 82675K, capacity 87952K, committed 88088K, reserved 1124352K
  class space    used 10861K, capacity 12576K, committed 12592K, reserved 1048576K
}
Event: 674.668 GC heap before
{Heap before GC invocations=52 (full 3):
 PSYoungGen      total 210944K, used 183936K [0x00000007b0000000, 0x00000007c0000000, 0x00000007c0000000)
  eden space 158208K, 100% used [0x00000007b0000000,0x00000007b9a80000,0x00000007b9a80000)
  from space 52736K, 48% used [0x00000007bcc80000,0x00000007be5a02c0,0x00000007c0000000)
  to   space 51200K, 0% used [0x00000007b9a80000,0x00000007b9a80000,0x00000007bcc80000)
 ParOldGen       total 524288K, used 137040K [0x0000000790000000, 0x00000007b0000000, 0x00000007b0000000)
  object space 524288K, 26% used [0x0000000790000000,0x00000007985d4170,0x00000007b0000000)
 Metaspace       used 82726K, capacity 88040K, committed 88088K, reserved 1124352K
  class space    used 10863K, capacity 12580K, committed 12592K, reserved 1048576K
Event: 674.723 GC heap after
Heap after GC invocations=52 (full 3):
 PSYoungGen      total 209408K, used 25264K [0x00000007b0000000, 0x00000007c0000000, 0x00000007c0000000)
  eden space 158208K, 0% used [0x00000007b0000000,0x00000007b0000000,0x00000007b9a80000)
  from space 51200K, 49% used [0x00000007b9a80000,0x00000007bb32c2b0,0x00000007bcc80000)
  to   space 49664K, 0% used [0x00000007bcf80000,0x00000007bcf80000,0x00000007c0000000)
 ParOldGen       total 524288K, used 138357K [0x0000000790000000, 0x00000007b0000000, 0x00000007b0000000)
  object space 524288K, 26% used [0x0000000790000000,0x000000079871d6c8,0x00000007b0000000)
 Metaspace       used 82726K, capacity 88040K, committed 88088K, reserved 1124352K
  class space    used 10863K, capacity 12580K, committed 12592K, reserved 1048576K
}

