# JRE version: Java(TM) SE Runtime Environment (8.0_131-b11) (build 1.8.0_131-b11)
# Java VM: Java HotSpot(TM) 64-Bit Server VM (25.131-b11 mixed mode bsd-amd64 compressed oops)
Heap:
 PSYoungGen      total 223232K, used 69132K [0x00000007b0000000, 0x00000007c0000000, 0x00000007c0000000)
  eden space 184320K, 23% used [0x00000007b0000000,0x00000007b2a7c1a0,0x00000007bb400000)
  from space 38912K, 65% used [0x00000007bda00000,0x00000007bf306e90,0x00000007c0000000)
  to   space 38912K, 0% used [0x00000007bb400000,0x00000007bb400000,0x00000007bda00000)
 ParOldGen       total 524288K, used 142824K [0x0000000790000000, 0x00000007b0000000, 0x00000007b0000000)
  object space 524288K, 27% used [0x0000000790000000,0x0000000798b7a120,0x00000007b0000000)
 Metaspace       used 83962K, capacity 89228K, committed 89368K, reserved 1126400K
  class space    used 10794K, capacity 12320K, committed 12336K, reserved 1048576K
GC Heap History (10 events):
Event: 1486.116 GC heap before
{Heap before GC invocations=59 (full 3):
 PSYoungGen      total 215040K, used 186441K [0x00000007b0000000, 0x00000007c0000000, 0x00000007c0000000)
  eden space 169984K, 99% used [0x00000007b0000000,0x00000007ba5fd248,0x00000007ba600000)
  from space 45056K, 36% used [0x00000007ba600000,0x00000007bb6152a8,0x00000007bd200000)
  to   space 43520K, 0% used [0x00000007bd580000,0x00000007bd580000,0x00000007c0000000)
 ParOldGen       total 524288K, used 139856K [0x0000000790000000, 0x00000007b0000000, 0x00000007b0000000)
  object space 524288K, 26% used [0x0000000790000000,0x0000000798894108,0x00000007b0000000)
 Metaspace       used 82035K, capacity 86956K, committed 87320K, reserved 1124352K
  class space    used 10567K, capacity 11965K, committed 12080K, reserved 1048576K
Event: 1486.189 GC heap after
Heap after GC invocations=59 (full 3):
 PSYoungGen      total 220160K, used 15691K [0x00000007b0000000, 0x00000007c0000000, 0x00000007c0000000)
  eden space 176640K, 0% used [0x00000007b0000000,0x00000007b0000000,0x00000007bac80000)
  from space 43520K, 36% used [0x00000007bd580000,0x00000007be4d2ed8,0x00000007c0000000)
  to   space 41984K, 0% used [0x00000007bac80000,0x00000007bac80000,0x00000007bd580000)
 ParOldGen       total 524288K, used 140974K [0x0000000790000000, 0x00000007b0000000, 0x00000007b0000000)
  object space 524288K, 26% used [0x0000000790000000,0x00000007989ab820,0x00000007b0000000)
 Metaspace       used 82035K, capacity 86956K, committed 87320K, reserved 1124352K
  class space    used 10567K, capacity 11965K, committed 12080K, reserved 1048576K
}
Event: 1489.269 GC heap before
{Heap before GC invocations=60 (full 3):
 PSYoungGen      total 220160K, used 192331K [0x00000007b0000000, 0x00000007c0000000, 0x00000007c0000000)
  eden space 176640K, 100% used [0x00000007b0000000,0x00000007bac80000,0x00000007bac80000)
  from space 43520K, 36% used [0x00000007bd580000,0x00000007be4d2ed8,0x00000007c0000000)
  to   space 41984K, 0% used [0x00000007bac80000,0x00000007bac80000,0x00000007bd580000)
 ParOldGen       total 524288K, used 140974K [0x0000000790000000, 0x00000007b0000000, 0x00000007b0000000)
  object space 524288K, 26% used [0x0000000790000000,0x00000007989ab820,0x00000007b0000000)
 Metaspace       used 82388K, capacity 87374K, committed 87576K, reserved 1124352K
  class space    used 10635K, capacity 12077K, committed 12080K, reserved 1048576K
Event: 1489.320 GC heap after
Heap after GC invocations=60 (full 3):
 PSYoungGen      total 218624K, used 16932K [0x00000007b0000000, 0x00000007c0000000, 0x00000007c0000000)
  eden space 176640K, 0% used [0x00000007b0000000,0x00000007b0000000,0x00000007bac80000)
  from space 41984K, 40% used [0x00000007bac80000,0x00000007bbd09288,0x00000007bd580000)
  to   space 40448K, 0% used [0x00000007bd880000,0x00000007bd880000,0x00000007c0000000)
 ParOldGen       total 524288K, used 141118K [0x0000000790000000, 0x00000007b0000000, 0x00000007b0000000)
  object space 524288K, 26% used [0x0000000790000000,0x00000007989cf820,0x00000007b0000000)
 Metaspace       used 82388K, capacity 87374K, committed 87576K, reserved 1124352K
  class space    used 10635K, capacity 12077K, committed 12080K, reserved 1048576K
}
Event: 1554.934 GC heap before
{Heap before GC invocations=61 (full 3):
 PSYoungGen      total 218624K, used 193572K [0x00000007b0000000, 0x00000007c0000000, 0x00000007c0000000)
  eden space 176640K, 100% used [0x00000007b0000000,0x00000007bac80000,0x00000007bac80000)
  from space 41984K, 40% used [0x00000007bac80000,0x00000007bbd09288,0x00000007bd580000)
  to   space 40448K, 0% used [0x00000007bd880000,0x00000007bd880000,0x00000007c0000000)
 ParOldGen       total 524288K, used 141118K [0x0000000790000000, 0x00000007b0000000, 0x00000007b0000000)
  object space 524288K, 26% used [0x0000000790000000,0x00000007989cf820,0x00000007b0000000)
 Metaspace       used 82740K, capacity 87850K, committed 87960K, reserved 1124352K
  class space    used 10668K, capacity 12161K, committed 12208K, reserved 1048576K
Event: 1554.973 GC heap after
Heap after GC invocations=61 (full 3):
 PSYoungGen      total 223232K, used 17444K [0x00000007b0000000, 0x00000007c0000000, 0x00000007c0000000)
  eden space 182784K, 0% used [0x00000007b0000000,0x00000007b0000000,0x00000007bb280000)
  from space 40448K, 43% used [0x00000007bd880000,0x00000007be989178,0x00000007c0000000)
  to   space 38912K, 0% used [0x00000007bb280000,0x00000007bb280000,0x00000007bd880000)
 ParOldGen       total 524288K, used 141158K [0x0000000790000000, 0x00000007b0000000, 0x00000007b0000000)
  object space 524288K, 26% used [0x0000000790000000,0x00000007989d9820,0x00000007b0000000)
 Metaspace       used 82740K, capacity 87850K, committed 87960K, reserved 1124352K
  class space    used 10668K, capacity 12161K, committed 12208K, reserved 1048576K
}
Event: 1781.839 GC heap before
{Heap before GC invocations=62 (full 3):
 PSYoungGen      total 223232K, used 200228K [0x00000007b0000000, 0x00000007c0000000, 0x00000007c0000000)
  eden space 182784K, 100% used [0x00000007b0000000,0x00000007bb280000,0x00000007bb280000)
  from space 40448K, 43% used [0x00000007bd880000,0x00000007be989178,0x00000007c0000000)
  to   space 38912K, 0% used [0x00000007bb280000,0x00000007bb280000,0x00000007bd880000)
 ParOldGen       total 524288K, used 141158K [0x0000000790000000, 0x00000007b0000000, 0x00000007b0000000)
  object space 524288K, 26% used [0x0000000790000000,0x00000007989d9820,0x00000007b0000000)
 Metaspace       used 83337K, capacity 88486K, committed 88856K, reserved 1126400K
  class space    used 10721K, capacity 12235K, committed 12336K, reserved 1048576K
Event: 1782.089 GC heap after
Heap after GC invocations=62 (full 3):
 PSYoungGen      total 221696K, used 25175K [0x00000007b0000000, 0x00000007c0000000, 0x00000007c0000000)
  eden space 182784K, 0% used [0x00000007b0000000,0x00000007b0000000,0x00000007bb280000)
  from space 38912K, 64% used [0x00000007bb280000,0x00000007bcb15c20,0x00000007bd880000)
  to   space 38912K, 0% used [0x00000007bda00000,0x00000007bda00000,0x00000007c0000000)
 ParOldGen       total 524288K, used 141354K [0x0000000790000000, 0x00000007b0000000, 0x00000007b0000000)
  object space 524288K, 26% used [0x0000000790000000,0x0000000798a0aa98,0x00000007b0000000)
 Metaspace       used 83337K, capacity 88486K, committed 88856K, reserved 1126400K
  class space    used 10721K, capacity 12235K, committed 12336K, reserved 1048576K
}
Event: 2387.058 GC heap before
{Heap before GC invocations=63 (full 3):
 PSYoungGen      total 221696K, used 207959K [0x00000007b0000000, 0x00000007c0000000, 0x00000007c0000000)
  eden space 182784K, 100% used [0x00000007b0000000,0x00000007bb280000,0x00000007bb280000)
  from space 38912K, 64% used [0x00000007bb280000,0x00000007bcb15c20,0x00000007bd880000)
  to   space 38912K, 0% used [0x00000007bda00000,0x00000007bda00000,0x00000007c0000000)
 ParOldGen       total 524288K, used 141354K [0x0000000790000000, 0x00000007b0000000, 0x00000007b0000000)
  object space 524288K, 26% used [0x0000000790000000,0x0000000798a0aa98,0x00000007b0000000)
 Metaspace       used 83748K, capacity 88974K, committed 89112K, reserved 1126400K
  class space    used 10755K, capacity 12283K, committed 12336K, reserved 1048576K
Event: 2387.261 GC heap after
Heap after GC invocations=63 (full 3):
 PSYoungGen      total 223232K, used 25627K [0x00000007b0000000, 0x00000007c0000000, 0x00000007c0000000)
  eden space 184320K, 0% used [0x00000007b0000000,0x00000007b0000000,0x00000007bb400000)
  from space 38912K, 65% used [0x00000007bda00000,0x00000007bf306e90,0x00000007c0000000)
  to   space 38912K, 0% used [0x00000007bb400000,0x00000007bb400000,0x00000007bda00000)
 ParOldGen       total 524288K, used 142824K [0x0000000790000000, 0x00000007b0000000, 0x00000007b0000000)
  object space 524288K, 27% used [0x0000000790000000,0x0000000798b7a120,0x00000007b0000000)
 Metaspace       used 83748K, capacity 88974K, committed 89112K, reserved 1126400K
  class space    used 10755K, capacity 12283K, committed 12336K, reserved 1048576K
}

